 Reserving general partition A  with:   14.0 Mwords (default)
 Reserving neutron partition B1 with:    4.0 Mwords (default)
 Reserving gamma   partition B2 with:    4.0 Mwords (default)
 Total allocation                   :   18.0 Mwords (A+B1)
 CASMO library identified as E6 0200 UPDATE D
 __________________________________________________________________________________________
 * C A S M O - 4E 1.00.02 REV:00 CREATED:2012/05/08 STUDSVIK * EXECUTED 2018/05/15 09:45:13

 This source code includes the following optional modules:
      1 - CASMO-4E (CASMO-4 Extended Version).
      2 - MxN extended multi-assembly module present.
      3 - Hexagonal module present.
      4 - CLU/AGR module present.
      5 - PSC Tiff/PostScript capability active.
      6 - Azimuthal depletion model present.
      7 - FSS/FSC model present.
      8 - Extra cards present.
      9 - Pn higher order scattering model present.
     10 - DIA Rotated water hole model present.
     11 - CCR Extended C.R. model present.

       LIST OF USER FILES
       ******************
 EXECUTABLE FILE               /share/apps/studsvik/libexec/studsvik/casmo4e/casmo4e-u1.00.02/casmo4e.exe
 NEUTRON DATA LIBRARY FILE     /share/apps/studsvik/lib/studsvik/casmo4e/e60200
 GAMMA DATA LIBRARY FILE       /share/apps/studsvik/lib/studsvik/casmo4e/galb418
 INPUT FILE                    casmo.inp
 OUTPUT LIST FILE              ./casmo.out
 CARD IMAGE FILE (SEG1)        ./casmo.cax
 
 [WARNING] IN BOXINI              Composition:BP5 sum of weight percents= 83.18
 Zr-2   =  80.00    B-10   =   3.18
 [WARNING] IN EDTFTD              Non-default neutron data library is attached.

   ** C A S M O - 4E SUMMARY **

   STD
   HVOI=  0.0 HTFU=  900.0 HTMO=  580.0 HTCO=  580.0 HBOR=  900.0
   NO VOID    TFU    TMO    TCO    BOR ROD   BURNUP   K-INF   K-INF     M2     PIN   U-235 FISS PU  TOT PU
                                             MWD/KG             TWO-GROUP     PEAK    WT %    WT %    WT %
    1  0.0  900.0  580.0  580.0  900.0        0.000 1.21975 1.21887  60.21   1.019   4.950   0.000   0.000  
    2                                         0.100 1.18777 1.18725  59.78   1.017   4.938   0.002   0.002  
    3                                         0.500 1.18526 1.18477  59.75   1.015   4.890   0.019   0.019  
    4                                         1.000 1.18555 1.18505  59.76   1.015   4.831   0.043   0.044  
    5                                         2.000 1.18775 1.18722  59.80   1.017   4.714   0.090   0.092  
    6                                         3.000 1.18847 1.18793  59.83   1.020   4.601   0.133   0.139  
    7                                         4.000 1.18762 1.18707  59.83   1.024   4.491   0.173   0.183  
    8                                         5.000 1.18549 1.18495  59.83   1.028   4.383   0.211   0.225  
    9                                         6.000 1.18237 1.18185  59.81   1.031   4.278   0.247   0.265  
   10                                         7.000 1.17849 1.17799  59.79   1.034   4.175   0.280   0.304  
   11                                         8.000 1.17399 1.17353  59.76   1.036   4.074   0.312   0.342  
   12                                         9.000 1.16901 1.16857  59.72   1.038   3.975   0.342   0.378  
   13                                        10.000 1.16362 1.16322  59.68   1.040   3.878   0.371   0.413  
   14                                        11.000 1.15789 1.15752  59.64   1.041   3.783   0.399   0.447  
   15                                        12.500 1.14889 1.14857  59.57   1.042   3.644   0.437   0.495  
   16                                        15.000 1.13320 1.13297  59.45   1.044   3.421   0.496   0.572  
   17                                        17.500 1.11677 1.11660  59.33   1.044   3.208   0.548   0.642  
   18                                        20.000 1.10008 1.09997  59.21   1.044   3.005   0.594   0.707  
   19                                        22.500 1.08325 1.08319  59.08   1.043   2.811   0.635   0.768  
   20                                        25.000 1.06643 1.06641  58.96   1.042   2.626   0.672   0.825  
   21                                        27.500 1.04977 1.04977  58.85   1.040   2.450   0.704   0.878  
   22                                        30.000 1.03329 1.03330  58.73   1.038   2.282   0.732   0.927  
   23                                        32.500 1.01700 1.01701  58.62   1.037   2.122   0.757   0.973  
   24                                        35.000 1.00099 1.00099  58.52   1.035   1.970   0.779   1.015  
   25                                        37.500 0.98523 0.98521  58.42   1.033   1.826   0.797   1.055  
   26                                        40.000 0.96975 0.96970  58.32   1.031   1.689   0.813   1.092  
   27                                        42.500 0.95455 0.95447  58.22   1.030   1.559   0.827   1.127  
   28                                        45.000 0.93968 0.93955  58.13   1.028   1.436   0.838   1.159  
   29                                        47.500 0.92519 0.92501  58.04   1.026   1.320   0.847   1.190  
   30                                        50.000 0.91105 0.91081  57.96   1.025   1.211   0.855   1.218  
   31                                        52.500 0.89725 0.89694  57.88   1.023   1.108   0.861   1.244  
   32                                        55.000 0.88382 0.88344  57.81   1.022   1.012   0.865   1.268  
   33                                        57.500 0.87078 0.87033  57.74   1.021   0.922   0.868   1.291  
   34                                        60.000 0.85817 0.85764  57.67   1.020   0.839   0.870   1.313  

   STD|COE (HBOR  900.000) TFU                                                                                               
   35  0.0  950.0  580.0  580.0  900.0        0.000 1.21827 1.21739  60.20   1.019   4.950   0.000   0.000  
   36                                         0.100 1.18635 1.18583  59.78   1.017   4.938   0.002   0.002  
   37                                         0.500 1.18386 1.18336  59.75   1.015   4.890   0.019   0.019  
   38                                         1.000 1.18415 1.18365  59.76   1.015   4.831   0.043   0.044  
   39                                         2.000 1.18636 1.18582  59.80   1.017   4.714   0.090   0.092  
   40                                         3.000 1.18708 1.18653  59.82   1.020   4.601   0.133   0.138  
   41                                         4.000 1.18623 1.18568  59.83   1.024   4.491   0.173   0.182  
   42                                         5.000 1.18411 1.18357  59.82   1.028   4.383   0.211   0.225  
   43                                         6.000 1.18099 1.18047  59.81   1.031   4.278   0.247   0.265  
   44                                         7.000 1.17710 1.17661  59.78   1.034   4.175   0.280   0.304  
   45                                         8.000 1.17260 1.17214  59.75   1.036   4.074   0.312   0.342  
   46                                         9.000 1.16761 1.16718  59.72   1.038   3.975   0.342   0.378  
   47                                        10.000 1.16222 1.16182  59.68   1.040   3.878   0.371   0.413  
   48                                        11.000 1.15649 1.15612  59.63   1.041   3.783   0.399   0.447  
   49                                        12.500 1.14748 1.14717  59.57   1.042   3.644   0.437   0.495  
   50                                        15.000 1.13179 1.13155  59.45   1.044   3.421   0.496   0.571  
   51                                        17.500 1.11534 1.11518  59.32   1.044   3.208   0.548   0.642  
   52                                        20.000 1.09865 1.09854  59.20   1.044   3.005   0.594   0.707  
   53                                        22.500 1.08182 1.08176  59.08   1.043   2.812   0.635   0.768  
   54                                        25.000 1.06500 1.06497  58.96   1.041   2.627   0.672   0.825  
   55                                        27.500 1.04835 1.04834  58.84   1.040   2.450   0.704   0.878  
   56                                        30.000 1.03187 1.03188  58.73   1.038   2.282   0.733   0.927  
   57                                        32.500 1.01559 1.01560  58.62   1.037   2.123   0.758   0.973  
   58                                        35.000 0.99960 0.99960  58.51   1.035   1.970   0.779   1.016  
   59                                        37.500 0.98385 0.98383  58.41   1.033   1.826   0.798   1.055  
   60                                        40.000 0.96839 0.96834  58.31   1.031   1.689   0.814   1.093  
   61                                        42.500 0.95321 0.95313  58.22   1.029   1.559   0.828   1.127  
   62                                        45.000 0.93836 0.93823  58.13   1.028   1.436   0.839   1.160  
   63                                        47.500 0.92389 0.92371  58.04   1.026   1.320   0.848   1.190  
   64                                        50.000 0.90977 0.90953  57.96   1.025   1.211   0.856   1.218  
   65                                        52.500 0.89599 0.89568  57.88   1.023   1.109   0.861   1.244  
   66                                        55.000 0.88258 0.88220  57.81   1.022   1.012   0.866   1.269  
   67                                        57.500 0.86956 0.86911  57.74   1.021   0.923   0.869   1.292  
   68                                        60.000 0.85697 0.85644  57.67   1.020   0.839   0.870   1.313  

   STD|COE (HBOR  900.000) TMO                                                                                               
   69  0.0  900.0  600.0  600.0  900.0        0.000 1.21412 1.21330  66.00   1.019   4.950   0.000   0.000  
   70                                         0.100 1.18319 1.18273  65.54   1.017   4.938   0.002   0.002  
   71                                         0.500 1.18076 1.18031  65.51   1.015   4.890   0.019   0.019  
   72                                         1.000 1.18102 1.18056  65.52   1.014   4.831   0.043   0.044  
   73                                         2.000 1.18301 1.18253  65.56   1.016   4.714   0.090   0.092  
   74                                         3.000 1.18350 1.18300  65.58   1.019   4.601   0.133   0.138  
   75                                         4.000 1.18239 1.18189  65.59   1.023   4.491   0.173   0.182  
   76                                         5.000 1.18000 1.17952  65.58   1.026   4.383   0.211   0.225  
   77                                         6.000 1.17663 1.17617  65.56   1.029   4.278   0.247   0.265  
   78                                         7.000 1.17249 1.17206  65.52   1.032   4.175   0.280   0.304  
   79                                         8.000 1.16776 1.16736  65.49   1.034   4.074   0.312   0.342  
   80                                         9.000 1.16256 1.16219  65.44   1.036   3.975   0.342   0.378  
   81                                        10.000 1.15696 1.15662  65.40   1.038   3.878   0.371   0.413  
   82                                        11.000 1.15107 1.15076  65.35   1.039   3.783   0.399   0.447  
   83                                        12.500 1.14184 1.14158  65.27   1.040   3.644   0.437   0.495  
   84                                        15.000 1.12582 1.12565  65.13   1.041   3.421   0.496   0.571  
   85                                        17.500 1.10919 1.10908  64.99   1.042   3.208   0.548   0.642  
   86                                        20.000 1.09234 1.09228  64.85   1.041   3.005   0.594   0.707  
   87                                        22.500 1.07538 1.07536  64.71   1.040   2.812   0.635   0.768  
   88                                        25.000 1.05844 1.05845  64.57   1.039   2.627   0.672   0.825  
   89                                        27.500 1.04170 1.04172  64.44   1.037   2.450   0.704   0.878  
   90                                        30.000 1.02517 1.02519  64.31   1.036   2.282   0.733   0.927  
   91                                        32.500 1.00886 1.00887  64.19   1.034   2.123   0.758   0.973  
   92                                        35.000 0.99283 0.99282  64.07   1.032   1.970   0.779   1.016  
   93                                        37.500 0.97709 0.97705  63.95   1.030   1.826   0.798   1.055  
   94                                        40.000 0.96164 0.96156  63.84   1.029   1.689   0.814   1.093  
   95                                        42.500 0.94651 0.94637  63.74   1.027   1.559   0.828   1.127  
   96                                        45.000 0.93172 0.93153  63.63   1.025   1.436   0.839   1.160  
   97                                        47.500 0.91734 0.91708  63.54   1.024   1.320   0.848   1.190  
   98                                        50.000 0.90331 0.90297  63.45   1.022   1.211   0.856   1.218  
   99                                        52.500 0.88961 0.88920  63.36   1.021   1.109   0.861   1.244  
  100                                        55.000 0.87629 0.87580  63.28   1.019   1.012   0.866   1.269  
  101                                        57.500 0.86337 0.86279  63.20   1.018   0.923   0.869   1.292  
  102                                        60.000 0.85088 0.85021  63.13   1.017   0.839   0.870   1.313  

   STD|COE (HBOR  900.000) BOR                                                                                               
  103  0.0  900.0  580.0  580.0  950.0        0.000 1.21580 1.21496  60.15   1.019   4.950   0.000   0.000  
  104                                         0.100 1.18406 1.18358  59.73   1.017   4.938   0.002   0.002  
  105                                         0.500 1.18158 1.18112  59.70   1.015   4.890   0.019   0.019  
  106                                         1.000 1.18188 1.18141  59.71   1.015   4.831   0.043   0.044  
  107                                         2.000 1.18408 1.18358  59.75   1.017   4.714   0.090   0.092  
  108                                         3.000 1.18480 1.18429  59.77   1.020   4.601   0.133   0.138  
  109                                         4.000 1.18394 1.18343  59.78   1.024   4.491   0.173   0.182  
  110                                         5.000 1.18182 1.18132  59.77   1.028   4.383   0.211   0.225  
  111                                         6.000 1.17871 1.17823  59.76   1.031   4.278   0.247   0.265  
  112                                         7.000 1.17484 1.17438  59.73   1.034   4.175   0.280   0.304  
  113                                         8.000 1.17036 1.16992  59.70   1.036   4.074   0.312   0.342  
  114                                         9.000 1.16538 1.16498  59.67   1.038   3.975   0.342   0.378  
  115                                        10.000 1.16001 1.15964  59.63   1.040   3.878   0.371   0.413  
  116                                        11.000 1.15429 1.15396  59.59   1.041   3.783   0.399   0.447  
  117                                        12.500 1.14532 1.14503  59.52   1.042   3.644   0.437   0.495  
  118                                        15.000 1.12967 1.12946  59.40   1.044   3.421   0.496   0.571  
  119                                        17.500 1.11328 1.11313  59.28   1.044   3.208   0.548   0.642  
  120                                        20.000 1.09663 1.09654  59.15   1.043   3.005   0.594   0.707  
  121                                        22.500 1.07984 1.07979  59.03   1.043   2.812   0.635   0.768  
  122                                        25.000 1.06306 1.06304  58.91   1.041   2.627   0.672   0.825  
  123                                        27.500 1.04643 1.04644  58.79   1.040   2.450   0.704   0.878  
  124                                        30.000 1.02998 1.02999  58.68   1.038   2.282   0.733   0.927  
  125                                        32.500 1.01372 1.01373  58.57   1.036   2.123   0.758   0.973  
  126                                        35.000 0.99774 0.99774  58.47   1.035   1.970   0.779   1.016  
  127                                        37.500 0.98201 0.98199  58.36   1.033   1.826   0.798   1.055  
  128                                        40.000 0.96656 0.96650  58.26   1.031   1.689   0.814   1.093  
  129                                        42.500 0.95139 0.95129  58.17   1.029   1.559   0.828   1.127  
  130                                        45.000 0.93654 0.93640  58.08   1.028   1.436   0.839   1.160  
  131                                        47.500 0.92208 0.92188  57.99   1.026   1.320   0.848   1.190  
  132                                        50.000 0.90796 0.90770  57.91   1.024   1.211   0.856   1.218  
  133                                        52.500 0.89418 0.89385  57.83   1.023   1.109   0.861   1.244  
  134                                        55.000 0.88077 0.88037  57.76   1.022   1.012   0.866   1.269  
  135                                        57.500 0.86776 0.86728  57.69   1.020   0.923   0.869   1.292  
  136                                        60.000 0.85516 0.85460  57.62   1.019   0.839   0.870   1.313  


 RUN TERMINATED.  2  WARNING(S) ENCOUNTERED
   0  FATAL ERROR(S),     2  WARNING(S)
   0  USAGE NOTE(S),      0  CAUTION(S)


                   Neutron Calculation                         
 Memory Use        Allocated       Used                         
 A Array            14000000    3805238
 B Array             4000000     114055
                    --------    -------
 Total Words        18000000    3919293
 Total Mwords           18.0        3.9
 Total Mbytes           72.0       15.7

 Run Started     (Date,Time):  2018/05/15   09:45:13  
 Run Completed   (Date,Time):  2018/05/15   09:46:34  
 Total Wall Time Used       :               00:01:21
 Total CPU  Time Used       :               00:01:19   CPU Utilization:   97%
 Files:
 Input                      :  casmo.inp
 Output                     :  ./casmo.out
 Card Image                 :  ./casmo.cax
 *********************************
 *  CASMO-4E NORMAL TERMINATION  *
 *     -WARNINGS ENCOUNTERED-    *
 *********************************
C-4E Complete....
